0 info it worked if it ends with ok
1 verbose cli [ '/Users/nicolasb/.nvm/versions/io.js/v2.2.1/bin/iojs',
1 verbose cli   '/Users/nicolasb/.nvm/versions/io.js/v2.2.1/bin/npm',
1 verbose cli   'publish' ]
2 info using npm@2.11.0
3 info using node@v2.2.1
4 verbose publish [ '.' ]
5 silly cache add args [ '.', null ]
6 verbose cache add spec .
7 silly cache add parsed spec { raw: '.',
7 silly cache add   scope: null,
7 silly cache add   name: null,
7 silly cache add   rawSpec: '.',
7 silly cache add   spec: '/Users/nicolasb/workspace/functional-esnext',
7 silly cache add   type: 'directory' }
8 verbose addLocalDirectory /Users/nicolasb/.npm/functional-js/1.0.0/package.tgz not in flight; packing
9 verbose tar pack [ '/Users/nicolasb/.npm/functional-js/1.0.0/package.tgz',
9 verbose tar pack   '/Users/nicolasb/workspace/functional-esnext' ]
10 verbose tarball /Users/nicolasb/.npm/functional-js/1.0.0/package.tgz
11 verbose folder /Users/nicolasb/workspace/functional-esnext
12 info prepublish functional-js@1.0.0
13 verbose addLocalTarball adding from inside cache /Users/nicolasb/.npm/functional-js/1.0.0/package.tgz
14 silly cache afterAdd functional-js@1.0.0
15 verbose afterAdd /Users/nicolasb/.npm/functional-js/1.0.0/package/package.json not in flight; writing
16 verbose afterAdd /Users/nicolasb/.npm/functional-js/1.0.0/package/package.json written
17 silly publish { name: 'functional-js',
17 silly publish   version: '1.0.0',
17 silly publish   description: 'Inspired by Haskell Prelude module, some helper functions.',
17 silly publish   main: './dist/lambda.js',
17 silly publish   scripts:
17 silly publish    { compile: 'gulp',
17 silly publish      watch: 'gulp watch',
17 silly publish      test: 'mocha dist/tests.js' },
17 silly publish   repository:
17 silly publish    { type: 'git',
17 silly publish      url: 'git://github.com/nicolasbrugneaux/functional-javascript.git' },
17 silly publish   author:
17 silly publish    { name: 'Nicolas Brugneaux',
17 silly publish      email: 'nicolas.brugneaux@gmail.com' },
17 silly publish   license: 'MIT',
17 silly publish   devDependencies:
17 silly publish    { babel: '^5.4.4',
17 silly publish      babelify: '^6.1.1',
17 silly publish      browserify: '^10.2.1',
17 silly publish      chai: '^2.3.0',
17 silly publish      gulp: '^3.8.11',
17 silly publish      'gulp-mocha': '^2.1.0',
17 silly publish      'gulp-mocha-phantomjs': '^0.6.1',
17 silly publish      'gulp-watch': '^4.2.4',
17 silly publish      mocha: '^2.2.5',
17 silly publish      sinon: '^1.14.1',
17 silly publish      'sinon-chai': '^2.7.0',
17 silly publish      'vinyl-source-stream': '^1.1.0' },
17 silly publish   readme: '# Functional Javascript\n\nLibrary inspired by haskell prelude and by underscore/ldoash which both have the\narguments in the wrong order so that prevents currying easily.\n',
17 silly publish   readmeFilename: 'README.md',
17 silly publish   gitHead: 'd2026d2778f88d442651f9ed6d83558ba4c5fdc6',
17 silly publish   bugs: { url: 'https://github.com/nicolasbrugneaux/functional-javascript/issues' },
17 silly publish   homepage: 'https://github.com/nicolasbrugneaux/functional-javascript#readme',
17 silly publish   _id: 'functional-js@1.0.0',
17 silly publish   _shasum: '62b21305a15673e3101c1b815439fba02c70adda',
17 silly publish   _from: '.' }
18 verbose getPublishConfig undefined
19 silly mapToRegistry name functional-js
20 silly mapToRegistry using default registry
21 silly mapToRegistry registry https://registry.npmjs.org/
22 silly mapToRegistry uri https://registry.npmjs.org/functional-js
23 verbose publish registryBase https://registry.npmjs.org/
24 silly publish uploading /Users/nicolasb/.npm/functional-js/1.0.0/package.tgz
25 verbose request uri https://registry.npmjs.org/functional-js
26 verbose request sending authorization for write operation
27 info attempt registry request try #1 at 16:22:25
28 verbose request using bearer token for auth
29 verbose request id b9eaf988f0bd5e5e
30 http request PUT https://registry.npmjs.org/functional-js
31 http 403 https://registry.npmjs.org/functional-js
32 verbose headers { 'content-type': 'application/json',
32 verbose headers   'cache-control': 'max-age=60',
32 verbose headers   'content-length': '95',
32 verbose headers   'accept-ranges': 'bytes',
32 verbose headers   date: 'Thu, 04 Jun 2015 14:22:31 GMT',
32 verbose headers   via: '1.1 varnish',
32 verbose headers   connection: 'keep-alive',
32 verbose headers   'x-served-by': 'cache-fra1245-FRA',
32 verbose headers   'x-cache': 'MISS',
32 verbose headers   'x-cache-hits': '0',
32 verbose headers   'x-timer': 'S1433427750.570488,VS0,VE1000' }
33 verbose request invalidating /Users/nicolasb/.npm/registry.npmjs.org/functional-js on PUT
34 error publish Failed PUT 403
35 verbose stack Error: "You cannot publish over the previously published version 1.0.0." : functional-js
35 verbose stack     at CachingRegistryClient.<anonymous> (/Users/nicolasb/.nvm/versions/io.js/v2.2.1/lib/node_modules/npm/node_modules/npm-registry-client/lib/request.js:247:14)
35 verbose stack     at Request._callback (/Users/nicolasb/.nvm/versions/io.js/v2.2.1/lib/node_modules/npm/node_modules/npm-registry-client/lib/request.js:170:14)
35 verbose stack     at Request.self.callback (/Users/nicolasb/.nvm/versions/io.js/v2.2.1/lib/node_modules/npm/node_modules/request/request.js:368:22)
35 verbose stack     at emitTwo (events.js:87:13)
35 verbose stack     at Request.emit (events.js:172:7)
35 verbose stack     at Request.<anonymous> (/Users/nicolasb/.nvm/versions/io.js/v2.2.1/lib/node_modules/npm/node_modules/request/request.js:1219:14)
35 verbose stack     at emitOne (events.js:82:20)
35 verbose stack     at Request.emit (events.js:169:7)
35 verbose stack     at IncomingMessage.<anonymous> (/Users/nicolasb/.nvm/versions/io.js/v2.2.1/lib/node_modules/npm/node_modules/request/request.js:1167:12)
35 verbose stack     at emitNone (events.js:72:20)
36 verbose statusCode 403
37 verbose pkgid functional-js
38 verbose cwd /Users/nicolasb/workspace/functional-esnext
39 error Darwin 14.0.0
40 error argv "/Users/nicolasb/.nvm/versions/io.js/v2.2.1/bin/iojs" "/Users/nicolasb/.nvm/versions/io.js/v2.2.1/bin/npm" "publish"
41 error node v2.2.1
42 error npm  v2.11.0
43 error code E403
44 error "You cannot publish over the previously published version 1.0.0." : functional-js
45 error If you need help, you may report this error at:
45 error     <https://github.com/npm/npm/issues>
46 verbose exit [ 1, true ]
